2022-04-24 11:42:57,229 - pyswarms.single.global_best - INFO - Optimize for 1000 iters with {'c1': 0.5, 'c2': 0.3, 'w': 0.9}
2022-04-24 11:44:04,959 - pyswarms.single.global_best - INFO - Optimize for 1000 iters with {'c1': 0.5, 'c2': 0.3, 'w': 0.9}
2022-04-24 11:46:55,088 - pyswarms.single.global_best - INFO - Optimize for 1000 iters with {'c1': 0.5, 'c2': 0.3, 'w': 0.9}
2022-04-24 11:47:15,574 - pyswarms.single.global_best - INFO - Optimize for 1000 iters with {'c1': 0.5, 'c2': 0.3, 'w': 0.9}
2022-04-24 11:47:16,789 - pyswarms.single.global_best - INFO - Optimization finished | best cost: 0.0, best pos: [0.26369122 0.74561453 0.38155117 0.8696852  0.29722319 0.36571364
 0.23048365 0.46117252 0.6605902  0.37511951]
2022-04-24 11:47:49,647 - pyswarms.single.global_best - INFO - Optimize for 1000 iters with {'c1': 0.5, 'c2': 0.3, 'w': 0.9}
2022-04-24 11:47:51,001 - pyswarms.single.global_best - INFO - Optimization finished | best cost: 0.0, best pos: [0.00710213 0.29115367 0.62478588 0.61894911 0.86030912 0.14879488
 0.19800431 0.79533467 0.33722692 0.30793732]
2022-04-24 11:49:28,903 - pyswarms.single.global_best - INFO - Optimize for 1000 iters with {'c1': 0.5, 'c2': 0.3, 'w': 0.9}
2022-04-24 11:49:30,853 - pyswarms.single.global_best - INFO - Optimization finished | best cost: 0.0, best pos: [0.95506496 0.45075008 0.83560433 0.65532171 0.65931269 0.34170846
 0.84073622 0.78740914 0.90730612 0.94676695]
2022-04-24 11:49:49,749 - pyswarms.single.global_best - INFO - Optimize for 1000 iters with {'c1': 0.5, 'c2': 0.3, 'w': 0.9}
2022-04-24 11:51:03,836 - pyswarms.single.global_best - INFO - Optimize for 1000 iters with {'c1': 0.5, 'c2': 0.3, 'w': 0.9}
2022-04-24 11:51:42,209 - pyswarms.single.global_best - INFO - Optimize for 1000 iters with {'c1': 0.5, 'c2': 0.3, 'w': 0.9}
2022-04-24 11:53:46,708 - pyswarms.single.global_best - INFO - Optimize for 1000 iters with {'c1': 0.5, 'c2': 0.3, 'w': 0.9}
2022-04-24 11:54:05,641 - pyswarms.single.global_best - INFO - Optimization finished | best cost: 13.0, best pos: [0.98983877 0.53861704 0.58798281 0.27399968 0.79557266 0.14340952
 0.2938931  0.32865859 0.623477   0.72052192]
2022-04-24 11:55:40,645 - pyswarms.single.global_best - INFO - Optimize for 1000 iters with {'c1': 0.5, 'c2': 0.3, 'w': 0.9}
2022-04-24 11:55:43,447 - pyswarms.single.global_best - INFO - Optimization finished | best cost: 19.0, best pos: [0.91400594 0.10326025 0.7633135  0.0840104  0.71305359 0.53947495
 0.89900622 0.82931469 0.4601383  0.43631827]
2022-04-24 11:56:23,297 - pyswarms.single.global_best - INFO - Optimize for 1000 iters with {'c1': 0.5, 'c2': 0.3, 'w': 0.9}
2022-04-24 11:56:25,627 - pyswarms.single.global_best - INFO - Optimization finished | best cost: -30.0, best pos: [0.37267105 0.22803593 0.2355033  0.16421721 0.92008058 0.80273351
 0.11461166 0.83297199 0.85785656 0.83042111]
2022-04-24 11:58:54,864 - pyswarms.single.global_best - INFO - Optimize for 1000 iters with {'c1': 0.5, 'c2': 0.3, 'w': 0.9}
2022-04-24 11:58:58,764 - pyswarms.single.global_best - INFO - Optimize for 1000 iters with {'c1': 0.5, 'c2': 0.3, 'w': 0.9}
2022-04-24 11:59:01,334 - pyswarms.single.global_best - INFO - Optimization finished | best cost: -30.0, best pos: [0.72261082 0.62720907 0.37237465 0.09634417 0.36372318 0.70985703
 0.40985228 0.5508469  0.46735372 0.36044069]
2022-04-24 11:59:20,742 - pyswarms.single.global_best - INFO - Optimize for 1000 iters with {'c1': 0.5, 'c2': 0.3, 'w': 0.9}
2022-04-24 11:59:23,100 - pyswarms.single.global_best - INFO - Optimization finished | best cost: -30.0, best pos: [0.62260106 0.67098769 0.28722875 0.14865653 0.71207838 0.2468172
 0.59633598 0.49146293 0.05564272 0.78122135]
2022-04-24 11:59:49,485 - pyswarms.single.global_best - INFO - Optimize for 1000 iters with {'c1': 0.5, 'c2': 0.3, 'w': 0.9}
2022-04-24 11:59:55,173 - pyswarms.single.global_best - INFO - Optimization finished | best cost: -90.0, best pos: [0.37408951 0.57621645 0.64340787 0.45220668 0.8017442  0.24796474
 0.74039014 0.41715299 0.33623935 0.34019084 0.29284486 0.24837267
 0.31766287 0.71938601 0.93799931 0.22303188 0.853293   0.6010978
 0.56149557 0.73079128 0.61641001 0.55949656 0.38216396 0.36988673
 0.35335686 0.52866094 0.37765556 0.38483072 0.6877246  0.52051684]
2022-04-24 12:15:28,921 - pyswarms.single.global_best - INFO - Optimize for 1000 iters with {'c1': 0.5, 'c2': 0.3, 'w': 0.9}
2022-04-24 12:15:34,843 - pyswarms.single.global_best - INFO - Optimization finished | best cost: -90.0, best pos: [0.39492207 0.23162608 0.47985593 0.41774468 0.3097217  0.76601274
 0.4563148  0.43061572 0.5638212  0.37524008 0.43254308 0.7375359
 0.46406275 0.59631102 0.62594475 0.47171249 0.55664296 0.62826864
 0.49714678 0.55972306 0.52648674 0.44092228 0.36647967 0.51139273
 0.41770742 0.58625194 0.74288532 0.6705135  0.67431253 0.4822111 ]
2022-04-24 12:15:56,167 - pyswarms.single.global_best - INFO - Optimize for 500 iters with {'c1': 0.5, 'c2': 0.3, 'w': 0.9}
2022-04-24 12:15:59,134 - pyswarms.single.global_best - INFO - Optimization finished | best cost: -90.0, best pos: [0.43918735 0.52852787 0.44976151 0.37267938 0.46078391 0.41911848
 0.85540841 0.37892618 0.29001336 0.33984872 0.38435066 0.44292058
 0.63936151 0.36292302 0.63056389 0.8085755  0.77090254 0.68275294
 0.26443832 0.07769441 0.5529094  0.80796918 0.58089663 0.21404073
 0.89013394 0.34872731 0.53921502 0.92337152 0.70216259 0.56346626]
2022-04-24 12:16:13,580 - pyswarms.single.global_best - INFO - Optimize for 300 iters with {'c1': 0.5, 'c2': 0.3, 'w': 0.9}
2022-04-24 12:16:15,653 - pyswarms.single.global_best - INFO - Optimization finished | best cost: -90.0, best pos: [0.51467707 0.822871   0.67212975 0.55798988 0.53985754 0.48094653
 0.77224485 0.68861221 0.38827191 0.63704525 0.62613235 0.87353099
 0.57063563 0.39052152 0.52691025 0.87304414 0.5865207  0.40663075
 0.33578063 0.87449345 0.18709706 0.81274949 0.41755483 0.32308349
 0.60495963 0.57137503 0.38811753 0.49976148 0.49350963 0.39211456]
2022-04-24 12:16:29,774 - pyswarms.single.global_best - INFO - Optimize for 200 iters with {'c1': 0.5, 'c2': 0.3, 'w': 0.9}
2022-04-24 12:16:31,235 - pyswarms.single.global_best - INFO - Optimization finished | best cost: -88.0, best pos: [0.73308898 0.2554682  0.71861662 0.53224012 0.70800564 0.77889771
 0.59413074 0.82890519 0.61090051 0.87990765 0.45181812 0.530891
 0.86695645 0.39789933 0.31298671 0.439554   0.34159575 0.5344906
 0.06623329 0.35985047 0.2789761  0.71928495 0.26998994 0.7733321
 0.55345147 0.885808   0.04279737 0.45941728 0.43788332 0.20068152]
2022-04-24 12:16:42,261 - pyswarms.single.global_best - INFO - Optimize for 200 iters with {'c1': 0.5, 'c2': 0.3, 'w': 0.9}
2022-04-24 12:16:43,462 - pyswarms.single.global_best - INFO - Optimization finished | best cost: -88.0, best pos: [0.48995586 0.70063742 0.78288186 0.33966502 0.29398538 0.69752271
 0.4054401  0.61439428 0.58971897 0.66249989 0.49262568 0.4374562
 0.78721971 0.59324323 0.72673247 0.50185777 0.39935278 0.00514698
 0.75467227 0.26892372 0.21735948 0.6176176  0.67290621 0.64551256
 0.69545766 0.07453281 0.68065632 0.42121344 0.53446825 0.3284681 ]
2022-04-24 12:16:50,391 - pyswarms.single.global_best - INFO - Optimize for 200 iters with {'c1': 0.5, 'c2': 0.3, 'w': 0.9}
2022-04-24 12:16:51,582 - pyswarms.single.global_best - INFO - Optimization finished | best cost: -89.0, best pos: [0.73447007 0.04760477 0.42625097 0.75337045 0.37506859 0.43632944
 0.2301653  0.43448497 0.78528749 0.59225414 0.20375894 0.63894833
 0.26699818 0.8708929  0.61063673 0.67815523 0.65492794 0.19934899
 0.75498685 0.54204584 0.27991578 0.21961247 0.58776891 0.54816915
 0.4921215  0.37848401 0.29628464 0.23941793 0.43371766 0.72198761]
2022-04-24 12:17:15,489 - pyswarms.single.global_best - INFO - Optimize for 200 iters with {'c1': 0.5, 'c2': 0.3, 'w': 0.9}
2022-04-24 12:17:17,008 - pyswarms.single.global_best - INFO - Optimization finished | best cost: -89.0, best pos: [0.45704408 0.78262883 0.64642097 0.75460114 0.60678335 0.36631187
 0.47695225 0.65991151 0.73364965 0.18093401 0.48614045 0.2515112
 0.68124546 0.2224377  0.54095981 0.40955747 0.11801804 0.7041349
 0.56505719 0.35002161 0.69476023 0.65892328 0.52946832 0.28765038
 0.04303241 0.75034114 0.55886121 0.2063697  0.44285066 0.63656765]
2022-04-24 12:17:41,886 - pyswarms.single.global_best - INFO - Optimize for 200 iters with {'c1': 0.5, 'c2': 0.3, 'w': 0.9}
2022-04-24 12:17:43,081 - pyswarms.single.global_best - INFO - Optimization finished | best cost: -90.0, best pos: [0.64570549 0.41454571 0.39894383 0.69589956 0.19836811 0.2353708
 0.56811854 0.53616791 0.12153125 0.28552481 0.41847323 0.62289388
 0.29462499 0.27176714 0.52958963 0.36259071 0.18567493 0.79461429
 0.46789771 0.61297388 0.65244005 0.54751307 0.80266281 0.14770876
 0.37526783 0.66031859 0.36549436 0.52017178 0.92745679 0.72582726]
2022-04-24 12:19:16,253 - pyswarms.single.global_best - INFO - Optimize for 200 iters with {'c1': 0.5, 'c2': 0.3, 'w': 0.9}
2022-04-24 12:19:16,781 - pyswarms.single.global_best - INFO - Optimization finished | best cost: -30.0, best pos: [0.63169252 0.63289839 0.88560934 0.44048959 0.66395461 0.57667732
 0.55777087 0.06017329 0.59941062 0.33899702]
2022-04-24 12:19:37,358 - pyswarms.single.global_best - INFO - Optimize for 100 iters with {'c1': 0.5, 'c2': 0.3, 'w': 0.9}
2022-04-24 12:19:37,598 - pyswarms.single.global_best - INFO - Optimization finished | best cost: -30.0, best pos: [0.36389411 0.28926372 0.83488513 0.72343152 0.60185841 0.23178348
 0.31801382 0.2169776  0.28001348 0.55234452]
2022-04-25 16:17:07,898 - pyswarms.single.global_best - INFO - Optimize for 100 iters with {'c1': 0.5, 'c2': 0.3, 'w': 0.9}
2022-04-25 16:17:08,966 - pyswarms.single.global_best - INFO - Optimization finished | best cost: -30.0, best pos: [0.75371329 0.32121495 0.52265741 0.78023461 0.59594528 0.51628761
 0.49708099 0.71694779 0.96055999 0.53729079]
